{
  "RSpec": {
    "coverage": {
      "/home/tinix/workspaces-2015-2022/crosschq/bare-bones/config/environment.rb": [
        null,
        1,
        null,
        null,
        1
      ],
      "/home/tinix/workspaces-2015-2022/crosschq/bare-bones/config/application.rb": [
        1,
        null,
        1,
        null,
        null,
        null,
        1,
        null,
        1,
        1,
        null,
        1,
        null,
        null,
        null,
        null,
        null,
        null,
        null
      ],
      "/home/tinix/workspaces-2015-2022/crosschq/bare-bones/config/boot.rb": [
        1,
        null,
        1,
        1
      ],
      "/home/tinix/workspaces-2015-2022/crosschq/bare-bones/config/environments/test.rb": [
        null,
        null,
        null,
        null,
        null,
        1,
        null,
        null,
        1,
        1,
        null,
        null,
        null,
        null,
        1,
        null,
        null,
        1,
        1,
        null,
        null,
        null,
        null,
        1,
        1,
        1,
        null,
        null,
        1,
        null,
        null,
        1,
        null,
        null,
        1,
        null,
        1,
        null,
        null,
        null,
        null,
        1,
        null,
        null,
        1,
        null,
        null,
        null,
        null
      ],
      "/home/tinix/workspaces-2015-2022/crosschq/bare-bones/config/initializers/application_controller_renderer.rb": [
        null,
        null,
        null,
        null,
        null,
        null,
        null,
        null
      ],
      "/home/tinix/workspaces-2015-2022/crosschq/bare-bones/config/initializers/assets.rb": [
        null,
        null,
        null,
        1,
        null,
        null,
        null,
        null,
        1,
        null,
        null,
        null,
        null,
        null
      ],
      "/home/tinix/workspaces-2015-2022/crosschq/bare-bones/config/initializers/backtrace_silencers.rb": [
        null,
        null,
        null,
        null,
        null,
        null,
        null
      ],
      "/home/tinix/workspaces-2015-2022/crosschq/bare-bones/config/initializers/content_security_policy.rb": [
        null,
        null,
        null,
        null,
        null,
        null,
        null,
        null,
        null,
        null,
        null,
        null,
        null,
        null,
        null,
        null,
        null,
        null,
        null,
        null,
        null,
        null,
        null,
        null,
        null,
        null,
        null,
        null,
        null,
        null
      ],
      "/home/tinix/workspaces-2015-2022/crosschq/bare-bones/config/initializers/cookies_serializer.rb": [
        null,
        null,
        null,
        null,
        1
      ],
      "/home/tinix/workspaces-2015-2022/crosschq/bare-bones/config/initializers/filter_parameter_logging.rb": [
        null,
        null,
        null,
        1
      ],
      "/home/tinix/workspaces-2015-2022/crosschq/bare-bones/config/initializers/inflections.rb": [
        null,
        null,
        null,
        null,
        null,
        null,
        null,
        null,
        null,
        null,
        null,
        null,
        null,
        null,
        null,
        null
      ],
      "/home/tinix/workspaces-2015-2022/crosschq/bare-bones/config/initializers/mime_types.rb": [
        null,
        null,
        null,
        null
      ],
      "/home/tinix/workspaces-2015-2022/crosschq/bare-bones/config/initializers/wrap_parameters.rb": [
        null,
        null,
        null,
        null,
        null,
        null,
        1,
        2,
        null,
        null,
        null,
        null,
        null,
        null
      ],
      "/home/tinix/workspaces-2015-2022/crosschq/bare-bones/spec/factories/comments.rb": [
        null,
        null,
        null,
        null,
        null,
        null,
        null,
        null,
        null,
        null,
        null,
        null,
        null,
        null,
        null,
        null,
        null,
        null,
        null,
        1,
        1,
        1,
        1,
        1,
        null,
        null
      ],
      "/home/tinix/workspaces-2015-2022/crosschq/bare-bones/spec/factories/posts.rb": [
        null,
        null,
        null,
        null,
        null,
        null,
        null,
        null,
        null,
        null,
        1,
        1,
        11,
        11,
        null,
        null
      ],
      "/home/tinix/workspaces-2015-2022/crosschq/bare-bones/config/routes.rb": [
        null,
        null,
        null,
        null,
        null,
        null,
        null,
        null,
        null,
        null,
        null,
        null,
        null,
        null,
        null,
        null,
        null,
        null,
        null,
        null,
        null,
        null,
        null,
        null,
        null,
        null,
        null,
        null,
        null,
        null,
        null,
        null,
        null,
        null,
        null,
        null,
        null,
        null,
        null,
        null,
        null,
        1,
        1,
        1,
        null,
        null,
        1,
        null
      ],
      "/home/tinix/workspaces-2015-2022/crosschq/bare-bones/app/helpers/application_helper.rb": [
        1,
        null
      ],
      "/home/tinix/workspaces-2015-2022/crosschq/bare-bones/app/helpers/comments_helper.rb": [
        1,
        null
      ],
      "/home/tinix/workspaces-2015-2022/crosschq/bare-bones/app/helpers/posts_helper.rb": [
        1,
        null
      ],
      "/home/tinix/workspaces-2015-2022/crosschq/bare-bones/spec/support/factory_bot.rb": [
        1,
        1,
        null
      ],
      "/home/tinix/workspaces-2015-2022/crosschq/bare-bones/spec/support/shoulda_matchers.rb": [
        1,
        1,
        1,
        1,
        null,
        null
      ],
      "/home/tinix/workspaces-2015-2022/crosschq/bare-bones/app/models/post.rb": [
        null,
        null,
        null,
        null,
        null,
        null,
        null,
        null,
        null,
        null,
        1,
        null,
        1,
        1,
        null,
        null,
        1,
        null
      ],
      "/home/tinix/workspaces-2015-2022/crosschq/bare-bones/app/models/application_record.rb": [
        1,
        1,
        null
      ],
      "/home/tinix/workspaces-2015-2022/crosschq/bare-bones/app/models/comment.rb": [
        null,
        null,
        null,
        null,
        null,
        null,
        null,
        null,
        null,
        null,
        null,
        null,
        null,
        null,
        null,
        null,
        null,
        null,
        null,
        1,
        null,
        1,
        null,
        null,
        1,
        1,
        null,
        1,
        null,
        null,
        null,
        null,
        1,
        null
      ]
    },
    "timestamp": 1653011088
  }
}
